#
# There is insufficient memory for the Java Runtime Environment to continue.
# Native memory allocation (mmap) failed to map 266338304 bytes for G1 virtual space
# Possible reasons:
#   The system is out of physical RAM or swap space
#   The process is running with CompressedOops enabled, and the Java Heap may be blocking the growth of the native heap
# Possible solutions:
#   Reduce memory load on the system
#   Increase physical memory or swap space
#   Check if swap backing store is full
#   Decrease Java heap size (-Xmx/-Xms)
#   Decrease number of Java threads
#   Decrease Java thread stack sizes (-Xss)
#   Set larger code cache with -XX:ReservedCodeCacheSize=
#   JVM is running with Zero Based Compressed Oops mode in which the Java heap is
#     placed in the first 32GB address space. The Java Heap base address is the
#     maximum limit for the native heap growth. Please use -XX:HeapBaseMinAddress
#     to set the Java Heap base and to place the Java Heap above 32GB virtual address.
# This output file may be truncated or incomplete.
#
#  Out of Memory Error (os_windows.cpp:3825), pid=25316, tid=10228
#
# JRE version:  (17.0.9) (build )
# Java VM: OpenJDK 64-Bit Server VM (17.0.9+0--11185874, mixed mode, sharing, tiered, compressed oops, compressed class ptrs, g1 gc, windows-amd64)
# No core dump will be written. Minidumps are not enabled by default on client versions of Windows
#

---------------  S U M M A R Y ------------

Command Line: org.jetbrains.kotlin.cli.jvm.K2JVMCompiler @D:\Projects\AndroidStudio\apps\ToDoList\app\build\20240313_12376218980512244712.compiler.options

Host: Intel(R) Core(TM) i5-8400 CPU @ 2.80GHz, 6 cores, 15G,  Windows 10 , 64 bit Build 19041 (10.0.19041.3636)
Time: Wed Mar 13 13:37:26 2024 RTZ 2 (s 10 , 64 bit Build 19041 (10.0.19041.3636) elapsed time: 0.008118 seconds (0d 0h 0m 0s)

---------------  T H R E A D  ---------------

Current thread (0x000001ff5fbb8b20):  JavaThread "Unknown thread" [_thread_in_vm, id=10228, stack(0x00000071cc000000,0x00000071cc100000)]

Stack: [0x00000071cc000000,0x00000071cc100000]
Native frames: (J=compiled Java code, j=interpreted, Vv=VM code, C=native code)
V  [jvm.dll+0x6886e9]
V  [jvm.dll+0x841e4a]
V  [jvm.dll+0x843a8e]
V  [jvm.dll+0x8440f3]
V  [jvm.dll+0x24c14f]
V  [jvm.dll+0x685499]
V  [jvm.dll+0x679c2a]
V  [jvm.dll+0x30cf9b]
V  [jvm.dll+0x314446]
V  [jvm.dll+0x36425e]
V  [jvm.dll+0x36448f]
V  [jvm.dll+0x2e2d68]
V  [jvm.dll+0x2e3cd4]
V  [jvm.dll+0x8129f1]
V  [jvm.dll+0x3720c1]
V  [jvm.dll+0x7f152c]
V  [jvm.dll+0x3f5d4f]
V  [jvm.dll+0x3f7981]
C  [jli.dll+0x528f]
C  [ucrtbase.dll+0x21bb2]
C  [KERNEL32.DLL+0x17344]
C  [ntdll.dll+0x526b1]


---------------  P R O C E S S  ---------------

Threads class SMR info:
_java_thread_list=0x00007ffa193aef18, length=0, elements={
}

Java Threads: ( => current thread )

Other Threads:
  0x000001ff5fc21f30 GCTaskThread "GC Thread#0" [stack: 0x00000071cc100000,0x00000071cc200000] [id=16172]
  0x000001ff5fc32c10 ConcurrentGCThread "G1 Main Marker" [stack: 0x00000071cc200000,0x00000071cc300000] [id=22704]
  0x000001ff5fc33630 ConcurrentGCThread "G1 Conc#0" [stack: 0x00000071cc300000,0x00000071cc400000] [id=9232]

[error occurred during error reporting (printing all threads), id 0xc0000005, EXCEPTION_ACCESS_VIOLATION (0xc0000005) at pc=0x00007ffa18b63937]

VM state: not at safepoint (not fully initialized)

VM Mutex/Monitor currently owned by a thread:  ([mutex/lock_event])
[0x000001ff5fbb33c0] Heap_lock - owner thread: 0x000001ff5fbb8b20

Heap address: 0x0000000702600000, size: 4058 MB, Compressed Oops mode: Zero based, Oop shift amount: 3

CDS archive(s) mapped at: [0x0000000000000000-0x0000000000000000-0x0000000000000000), size 0, SharedBaseAddress: 0x0000000800000000, ArchiveRelocationMode: 1.
Narrow klass base: 0x0000000000000000, Narrow klass shift: 0, Narrow klass range: 0x0

GC Precious Log:
<Empty>

Heap:
 garbage-first heap   total 0K, used 0K [0x0000000702600000, 0x0000000800000000)
  region size 2048K, 0 young (0K), 0 survivors (0K)
 Metaspace       used 0K, committed 0K, reserved 0K
  class space    used 0K, committed 0K, reserved 0K

Heap Regions: E=young(eden), S=young(survivor), O=old, HS=humongous(starts), HC=humongous(continues), CS=collection set, F=free, OA=open archive, CA=closed archive, TAMS=top-at-mark-start (previous, next)

Card table byte_map: [0x000001ff72990000,0x000001ff73180000] _byte_map_base: 0x000001ff6f17d000

Marking Bits (Prev, Next): (CMBitMap*) 0x000001ff5fc22550, (CMBitMap*) 0x000001ff5fc22590
 Prev Bits: [0x000001ff73970000, 0x000001ff778d8000)
 Next Bits: [0x000001ff778e0000, 0x000001ff7b848000)

GC Heap History (0 events):
No events

Dll operation events (1 events):
Event: 0.005 Loaded shared library D:\Program Files\Android\Android Studio\jbr\bin\java.dll

Deoptimization events (0 events):
No events

Classes unloaded (0 events):
No events

Classes redefined (0 events):
No events

Internal exceptions (0 events):
No events

VM Operations (0 events):
No events

Events (0 events):
No events


Dynamic libraries:
0x00007ff71a5a0000 - 0x00007ff71a5aa000 	D:\Program Files\Android\Android Studio\jbr\bin\java.exe
0x00007ffa6a9d0000 - 0x00007ffa6abc8000 	C:\WINDOWS\SYSTEM32\ntdll.dll
0x00007ffa6a270000 - 0x00007ffa6a32d000 	C:\WINDOWS\System32\KERNEL32.DLL
0x00007ffa68590000 - 0x00007ffa68886000 	C:\WINDOWS\System32\KERNELBASE.dll
0x00007ffa65370000 - 0x00007ffa65400000 	C:\WINDOWS\SYSTEM32\apphelp.dll
0x00007ffa68460000 - 0x00007ffa68560000 	C:\WINDOWS\System32\ucrtbase.dll
0x00007ffa5d060000 - 0x00007ffa5d077000 	D:\Program Files\Android\Android Studio\jbr\bin\jli.dll
0x00007ffa62170000 - 0x00007ffa6218b000 	D:\Program Files\Android\Android Studio\jbr\bin\VCRUNTIME140.dll
0x00007ffa69400000 - 0x00007ffa6959e000 	C:\WINDOWS\System32\USER32.dll
0x00007ffa680b0000 - 0x00007ffa680d2000 	C:\WINDOWS\System32\win32u.dll
0x00007ffa4ac70000 - 0x00007ffa4af0a000 	C:\WINDOWS\WinSxS\amd64_microsoft.windows.common-controls_6595b64144ccf1df_6.0.19041.3636_none_60b6a03d71f818d5\COMCTL32.dll
0x00007ffa68ae0000 - 0x00007ffa68b0c000 	C:\WINDOWS\System32\GDI32.dll
0x00007ffa68bb0000 - 0x00007ffa68c4e000 	C:\WINDOWS\System32\msvcrt.dll
0x00007ffa68340000 - 0x00007ffa6845a000 	C:\WINDOWS\System32\gdi32full.dll
0x00007ffa68890000 - 0x00007ffa6892d000 	C:\WINDOWS\System32\msvcp_win.dll
0x00007ffa6a5a0000 - 0x00007ffa6a5d0000 	C:\WINDOWS\System32\IMM32.DLL
0x00007ffa621b0000 - 0x00007ffa621bc000 	D:\Program Files\Android\Android Studio\jbr\bin\vcruntime140_1.dll
0x00007ffa44240000 - 0x00007ffa442cd000 	D:\Program Files\Android\Android Studio\jbr\bin\msvcp140.dll
0x00007ffa18870000 - 0x00007ffa194f3000 	D:\Program Files\Android\Android Studio\jbr\bin\server\jvm.dll
0x00007ffa6a5d0000 - 0x00007ffa6a67f000 	C:\WINDOWS\System32\ADVAPI32.dll
0x00007ffa68b10000 - 0x00007ffa68bac000 	C:\WINDOWS\System32\sechost.dll
0x00007ffa69ef0000 - 0x00007ffa6a016000 	C:\WINDOWS\System32\RPCRT4.dll
0x00007ffa67f10000 - 0x00007ffa67f5b000 	C:\WINDOWS\SYSTEM32\POWRPROF.dll
0x00007ffa65150000 - 0x00007ffa65159000 	C:\WINDOWS\SYSTEM32\WSOCK32.dll
0x00007ffa564a0000 - 0x00007ffa564c7000 	C:\WINDOWS\SYSTEM32\WINMM.dll
0x00007ffa635a0000 - 0x00007ffa635aa000 	C:\WINDOWS\SYSTEM32\VERSION.dll
0x00007ffa6a920000 - 0x00007ffa6a98b000 	C:\WINDOWS\System32\WS2_32.dll
0x00007ffa67ef0000 - 0x00007ffa67f02000 	C:\WINDOWS\SYSTEM32\UMPDC.dll
0x00007ffa66c00000 - 0x00007ffa66c12000 	C:\WINDOWS\SYSTEM32\kernel.appcore.dll
0x00007ffa63900000 - 0x00007ffa6390a000 	D:\Program Files\Android\Android Studio\jbr\bin\jimage.dll
0x00007ffa65df0000 - 0x00007ffa65fd4000 	C:\WINDOWS\SYSTEM32\DBGHELP.DLL
0x00007ffa619a0000 - 0x00007ffa619d4000 	C:\WINDOWS\SYSTEM32\dbgcore.DLL
0x00007ffa689a0000 - 0x00007ffa68a22000 	C:\WINDOWS\System32\bcryptPrimitives.dll
0x00007ffa607a0000 - 0x00007ffa607c5000 	D:\Program Files\Android\Android Studio\jbr\bin\java.dll

dbghelp: loaded successfully - version: 4.0.5 - missing functions: none
symbol engine: initialized successfully - sym options: 0x614 - pdb path: .;D:\Program Files\Android\Android Studio\jbr\bin;C:\WINDOWS\SYSTEM32;C:\WINDOWS\WinSxS\amd64_microsoft.windows.common-controls_6595b64144ccf1df_6.0.19041.3636_none_60b6a03d71f818d5;D:\Program Files\Android\Android Studio\jbr\bin\server

VM Arguments:
java_command: org.jetbrains.kotlin.cli.jvm.K2JVMCompiler @D:\Projects\AndroidStudio\apps\ToDoList\app\build\20240313_12376218980512244712.compiler.options
java_class_path (initial): C:\Users\Новая Папка\.gradle\caches\modules-2\files-2.1\org.jetbrains.kotlin\kotlin-compiler-embeddable\1.7.20\8db18559a581dd2c36ddfd5046af145650f5b126\kotlin-compiler-embeddable-1.7.20.jar;C:\Users\Новая Папка\.gradle\caches\modules-2\files-2.1\org.jetbrains.kotlin\kotlin-reflect\1.7.20\12b2501e33bb6373e8e347c86d85481863629381\kotlin-reflect-1.7.20.jar;C:\Users\Новая Папка\.gradle\caches\modules-2\files-2.1\org.jetbrains.kotlin\kotlin-stdlib\1.7.20\726594ea9ba2beb2ee113647fefa9a10f9fabe52\kotlin-stdlib-1.7.20.jar;C:\Users\Новая Папка\.gradle\caches\modules-2\files-2.1\org.jetbrains.kotlin\kotlin-script-runtime\1.7.20\bcd1cc6f865e632550357fcc59f5ffd532615a8\kotlin-script-runtime-1.7.20.jar;C:\Users\Новая Папка\.gradle\caches\modules-2\files-2.1\org.jetbrains.kotlin\kotlin-daemon-embeddable\1.7.20\1e24355adad8d529d75d5b19eab55484057431ba\kotlin-daemon-embeddable-1.7.20.jar;C:\Users\Новая Папка\.gradle\caches\modules-2\files-2.1\org.jetbrains.intellij.deps\trove4j\1.0.20200330\3afb14d5f9ceb459d724e907a21145e8ff394f02\trove4j-1.0.20200330.jar;C:\Users\Новая Папка\.gradle\caches\modules-2\files-2.1\net.java.dev.jna\jna\5.6.0\330f2244e9030119ab3030fc3fededc86713d9cc\jna-5.6.0.jar;C:\Users\Новая Папка\.gradle\caches\modules-2\files-2.1\org.jetbrains.kotlin\kotlin-stdlib-common\1.7.20\e15351bdaf9fa06f009be5da7a202e4184f00ae3\kotlin-stdlib-common-1.7.20.jar;C:\Users\Новая Папка\.gradle\caches\modules-2\files-2.1\org.jetbrains\annotations\13.0\919f0dfe192fb4e063e7dacadee7f8bb9a2672a9\annotations-13.0.jar
Launcher Type: SUN_STANDARD

[Global flags]
     intx CICompilerCount                          = 3                                         {product} {ergonomic}
     uint ConcGCThreads                            = 2                                         {product} {ergonomic}
     uint G1ConcRefinementThreads                  = 6                                         {product} {ergonomic}
   size_t G1HeapRegionSize                         = 2097152                                   {product} {ergonomic}
    uintx GCDrainStackTargetSize                   = 64                                        {product} {ergonomic}
   size_t InitialHeapSize                          = 266338304                                 {product} {ergonomic}
   size_t MarkStackSize                            = 4194304                                   {product} {ergonomic}
   size_t MaxHeapSize                              = 4255121408                                {product} {ergonomic}
   size_t MinHeapDeltaBytes                        = 2097152                                   {product} {ergonomic}
   size_t MinHeapSize                              = 8388608                                   {product} {ergonomic}
    uintx NonNMethodCodeHeapSize                   = 5832780                                {pd product} {ergonomic}
    uintx NonProfiledCodeHeapSize                  = 122912730                              {pd product} {ergonomic}
    uintx ProfiledCodeHeapSize                     = 122912730                              {pd product} {ergonomic}
    uintx ReservedCodeCacheSize                    = 251658240                              {pd product} {ergonomic}
     bool SegmentedCodeCache                       = true                                      {product} {ergonomic}
   size_t SoftMaxHeapSize                          = 4255121408                             {manageable} {ergonomic}
     bool UseCompressedClassPointers               = true                           {product lp64_product} {ergonomic}
     bool UseCompressedOops                        = true                           {product lp64_product} {ergonomic}
     bool UseG1GC                                  = true                                      {product} {ergonomic}
     bool UseLargePagesIndividualAllocation        = false                                  {pd product} {ergonomic}

Logging:
Log output configuration:
 #0: stdout all=warning uptime,level,tags
 #1: stderr all=off uptime,level,tags

Environment Variables:
JAVA_HOME=D:\Program Files\Java\jdk-18.0.2.1
PATH=C:\Program Files\Common Files\Oracle\Java\javapath;C:\Program Files (x86)\Common Files\Oracle\Java\javapath;C:\WINDOWS\system32;C:\WINDOWS;C:\WINDOWS\System32\Wbem;C:\WINDOWS\System32\WindowsPowerShell\v1.0\;C:\WINDOWS\System32\OpenSSH\;C:\Program Files (x86)\NVIDIA Corporation\PhysX\Common;C:\Program Files\NVIDIA Corporation\NVIDIA NvDLISR;C:\WINDOWS\system32;C:\WINDOWS;C:\WINDOWS\System32\Wbem;C:\WINDOWS\System32\WindowsPowerShell\v1.0\;C:\WINDOWS\System32\OpenSSH\;D:\Program Files\Git\cmd;D:\Program Files\Java\jdk-18.0.2.1\bin;D:\libs\Android\SDK\platform-tools;C:\Users\Новая Папка\AppData\Local\Microsoft\WindowsApps;;D:\Program Files\IntelliJ IDEA Community Edition 2022.2.1\bin;
USERNAME=Новая Папка
OS=Windows_NT
PROCESSOR_IDENTIFIER=Intel64 Family 6 Model 158 Stepping 10, GenuineIntel
TMP=C:\Users\57FB~1\AppData\Local\Temp
TEMP=C:\Users\57FB~1\AppData\Local\Temp



Periodic native trim disabled

JNI global refs:
JNI global refs: 0, weak refs: 0

JNI global refs memory usage: 0, weak refs: 0

OOME stack traces (most recent first):
Classloader memory used:


---------------  S Y S T E M  ---------------

OS:
 Windows 10 , 64 bit Build 19041 (10.0.19041.3636)
OS uptime: 70 days 15:58 hours

CPU: total 6 (initial active 6) (6 cores per cpu, 1 threads per core) family 6 model 158 stepping 10 microcode 0xb4, cx8, cmov, fxsr, mmx, 3dnowpref, sse, sse2, sse3, ssse3, sse4.1, sse4.2, popcnt, lzcnt, tsc, tscinvbit, avx, avx2, aes, erms, clmul, bmi1, bmi2, adx, fma, vzeroupper, clflush, clflushopt
Processor Information for all 6 processors :
  Max Mhz: 2808, Current Mhz: 2808, Mhz Limit: 2808

Memory: 4k page, system-wide physical 16230M (1599M free)
TotalPageFile size 28953M (AvailPageFile size 141M)
current process WorkingSet (physical memory assigned to process): 11M, peak: 11M
current process commit charge ("private bytes"): 56M, peak: 310M

vm_info: OpenJDK 64-Bit Server VM (17.0.9+0--11185874) for windows-amd64 JRE (17.0.9+0--11185874), built on Dec  6 2023 18:57:44 by "androidbuild" with MS VC++ 16.10 / 16.11 (VS2019)

END.
